#
# A fatal error has been detected by the Java Runtime Environment:
#
#  EXCEPTION_ACCESS_VIOLATION (0xc0000005) at pc=0x00007ffd49d926c4, pid=7320, tid=13356
#
# JRE version: Java(TM) SE Runtime Environment (24.0.2+12) (build 24.0.2+12-54)
# Java VM: Java HotSpot(TM) 64-Bit Server VM (24.0.2+12-54, mixed mode, sharing, tiered, compressed oops, compressed class ptrs, g1 gc, windows-amd64)
# Problematic frame:
# C  [libasyncProfiler.dll+0x926c4]
#
# No core dump will be written. Minidumps are not enabled by default on client versions of Windows
#
# If you would like to submit a bug report, please visit:
#   https://bugreport.java.com/bugreport/crash.jsp
# The crash happened outside the Java Virtual Machine in native code.
# See problematic frame for where to report the bug.
#

---------------  S U M M A R Y ------------

Command Line: -agentlib:jdwp=transport=dt_socket,address=127.0.0.1:55309,suspend=y,server=n -javaagent:C:\Users\Админ\AppData\Local\JetBrains\IntelliJIdea2025.1\captureAgent\debugger-agent.jar=file:///C:/Users/7272~1/AppData/Local/Temp/capture8513015923883962190.props -agentpath:C:\Users\Админ\AppData\Local\Temp\idea_libasyncProfiler_dll_temp_folder6\libasyncProfiler.dll=version,jfr,event=wall,interval=10ms,cstack=no,file=C:\Users\Админ\IdeaSnapshots\Start_2025_10_30_162008.jfr,dbghelppath=C:\Users\Админ\AppData\Local\Temp\idea_dbghelp_dll_temp_folder10\dbghelp.dll,log=C:\Users\Админ\AppData\Local\Temp\Start_2025_10_30_162008.jfr.log.txt,logLevel=DEBUG -Dkotlinx.coroutines.debug.enable.creation.stack.trace=false -Ddebugger.agent.enable.coroutines=true -Dkotlinx.coroutines.debug.enable.flows.stack.trace=true -Dkotlinx.coroutines.debug.enable.mutable.state.flows.stack.trace=true -Dfile.encoding=UTF-8 -Dsun.stdout.encoding=UTF-8 -Dsun.stderr.encoding=UTF-8 Main

Host: Intel(R) Core(TM) i5-1035G1 CPU @ 1.00GHz, 8 cores, 7G,  Windows 10 , 64 bit Build 19041 (10.0.19041.5915)
Time: Thu Oct 30 16:20:44 2025 Taipei Standard Time elapsed time: 31.337986 seconds (0d 0h 0m 31s)

---------------  T H R E A D  ---------------

Current thread (0x00000200298cc6d0):  JavaThread "Attach Listener" daemon [_thread_in_native, id=13356, stack(0x000000cd91900000,0x000000cd91a00000) (1024K)]

Stack: [0x000000cd91900000,0x000000cd91a00000],  sp=0x000000cd919fec80,  free space=1019k
Native frames: (J=compiled Java code, j=interpreted, Vv=VM code, C=native code)
C  [libasyncProfiler.dll+0x926c4]  (no source info available)
C  [libasyncProfiler.dll+0x92b9b]  (no source info available)
C  [libasyncProfiler.dll+0x917f4]  (no source info available)
C  [libasyncProfiler.dll+0x9206a]  (no source info available)
C  [libasyncProfiler.dll+0x8cc21]  (no source info available)
C  [libasyncProfiler.dll+0x7e5e1]  (no source info available)
C  [libasyncProfiler.dll+0x7d2f8]  (no source info available)
C  [libasyncProfiler.dll+0x7d1e0]  (no source info available)
C  [libasyncProfiler.dll+0x841b9]  (no source info available)
V  [jvm.dll+0x57ef37]  (no source info available)
V  [jvm.dll+0x57fcdc]  (no source info available)
V  [jvm.dll+0x14c8f7]  (no source info available)
V  [jvm.dll+0x14deb1]  (no source info available)
V  [jvm.dll+0x42f396]  (no source info available)
V  [jvm.dll+0x87d9eb]  (no source info available)
V  [jvm.dll+0x72ef45]  (no source info available)
C  [ucrtbase.dll+0x21bb2]  (no source info available)
C  [KERNEL32.DLL+0x17374]  (no source info available)
C  [ntdll.dll+0x4cc91]  (no source info available)


siginfo: EXCEPTION_ACCESS_VIOLATION (0xc0000005), reading address 0xffffffffffffffff


Registers:
RAX=0x0000000000000010, RBX=0x0000000000000000, RCX=0xffffffffffffffff, RDX=0x007ffcfba8301010
RSP=0x000000cd919fec80, RBP=0x00000200298cfa00, RSI=0x000000cd919fedf0, RDI=0x00000200298cfa00
R8 =0x0000000000000042, R9 =0x000000008bb01ed8, R10=0x00007ffcfbcf9ff0, R11=0x0000000000000032
R12=0x000000cd919fedf0, R13=0x0000020009cbc7f0, R14=0x00000200298cca98, R15=0x00000200298cca98
RIP=0x00007ffd49d926c4, EFLAGS=0x0000000000010202

XMM[0]=0x0000000000000000 0x0000000000000000
XMM[1]=0x0000000000000000 0x0000000000000000
XMM[2]=0x0000000000000000 0x0000000000000000
XMM[3]=0x0000000000000000 0x0000000000000000
XMM[4]=0x0000000000000000 0x0000000000000000
XMM[5]=0x0000000000000000 0x0000000000000000
XMM[6]=0x0000000000000000 0x0000000000000000
XMM[7]=0x0000000000000000 0x0000000000000000
XMM[8]=0x0000000000000000 0x0000000000000000
XMM[9]=0x0000000000000000 0x0000000000000000
XMM[10]=0x0000000000000000 0x0000000000000000
XMM[11]=0x0000000000000000 0x0000000000000000
XMM[12]=0x0000000000000000 0x0000000000000000
XMM[13]=0x0000000000000000 0x0000000000000000
XMM[14]=0x0000000000000000 0x0000000000000000
XMM[15]=0x0000000000000000 0x0000000000000000
  MXCSR=0x00001fa0


Register to memory mapping:

RAX=0x0000000000000010 is an unknown value
RBX=0x0 is null
RCX=0xffffffffffffffff is an unknown value
RDX=0x007ffcfba8301010 is an unknown value
RSP=0x000000cd919fec80 is pointing into the stack for thread: 0x00000200298cc6d0
RBP=0x00000200298cfa00 points into unknown readable memory: 0x000000008bb01ed8 | d8 1e b0 8b 00 00 00 00
RSI=0x000000cd919fedf0 is pointing into the stack for thread: 0x00000200298cc6d0
RDI=0x00000200298cfa00 points into unknown readable memory: 0x000000008bb01ed8 | d8 1e b0 8b 00 00 00 00
R8 =0x0000000000000042 is an unknown value
R9 =0x000000008bb01ed8 is an oop: java.lang.Thread 
{0x000000008bb01ed8} - klass: 'java/lang/Thread' - flags: 

 - ---- fields (total size 14 words):
 - 'threadLocalRandomProbe' 'I' @12  0 (0x00000000)
 - private volatile 'eetop' 'J' @16  2199224051312 (0x000002000bf7e670)
 - private final 'tid' 'J' @24  3 (0x0000000000000003)
 - 'threadLocalRandomSeed' 'J' @32  0 (0x0000000000000000)
 - injected 'jvmti_thread_state' 'J' @40  2199721160368 (0x0000020029992eb0)
 - 'threadLocalRandomSecondarySeed' 'I' @48  0 (0x00000000)
 - injected 'jvmti_VTMS_transition_disable_count' 'I' @52  0 (0x00000000)
 - injected 'jfr_epoch' 'S' @56  0 (0x0000)
 - volatile 'interrupted' 'Z' @58  false (0x00)
 - injected 'jvmti_is_in_VTMS_transition' 'Z' @59  false (0x00)
 - private volatile 'name' 'Ljava/lang/String;' @60  "main"{0x000000008bb01f48} (0x8bb01f48)
 - private volatile 'contextClassLoader' 'Ljava/lang/ClassLoader;' @64  a 'jdk/internal/loader/ClassLoaders$AppClassLoader'{0x000000008bb1be38} (0x8bb1be38)
 - private final 'holder' 'Ljava/lang/Thread$FieldHolder;' @68  a 'java/lang/Thread$FieldHolder'{0x000000008bb01f88} (0x8bb01f88)
 - 'threadLocals' 'Ljava/lang/ThreadLocal$ThreadLocalMap;' @72  a 'java/lang/ThreadLocal$ThreadLocalMap'{0x000000008b606790} (0x8b606790)
 - 'inheritableThreadLocals' 'Ljava/lang/ThreadLocal$ThreadLocalMap;' @76  null (0x00000000)
 - private 'scopedValueBindings' 'Ljava/lang/Object;' @80  a 'java/lang/Class'{0x00000000ffe7c8c0} = 'java/lang/Thread' (0xffe7c8c0)
 - final 'interruptLock' 'Ljava/lang/Object;' @84  a 'java/lang/Object'{0x000000008bb01f78} (0x8bb01f78)
 - private volatile 'parkBlocker' 'Ljava/lang/Object;' @88  null (0x00000000)
 - private 'nioBlocker' 'Lsun/nio/ch/Interruptible;' @92  null (0x00000000)
 - private 'cont' 'Ljdk/internal/vm/Continuation;' @96  null (0x00000000)
 - private volatile 'uncaughtExceptionHandler' 'Ljava/lang/Thread$UncaughtExceptionHandler;' @100  null (0x00000000)
 - private 'container' 'Ljdk/internal/vm/ThreadContainer;' @104  null (0x00000000)
 - private volatile 'headStackableScopes' 'Ljdk/internal/vm/StackableScope;' @108  null (0x00000000)
R10=0x00007ffcfbcf9ff0 jvm.dll
R11=0x0000000000000032 is an unknown value
R12=0x000000cd919fedf0 is pointing into the stack for thread: 0x00000200298cc6d0
R13=0x0000020009cbc7f0 points into unknown readable memory: 0x00007ffcfbc6a510 | 10 a5 c6 fb fc 7f 00 00
R14=0x00000200298cca98 points into unknown readable memory: 0x00007ffcfbc617b0 | b0 17 c6 fb fc 7f 00 00
R15=0x00000200298cca98 points into unknown readable memory: 0x00007ffcfbc617b0 | b0 17 c6 fb fc 7f 00 00

Top of Stack: (sp=0x000000cd919fec80)
0x000000cd919fec80:   000000cd919fedf0 00000200298cfa00   ...........)....
0x000000cd919fec90:   0000000000000000 00000200298cce20   ........ ..)....
0x000000cd919feca0:   000000000000001a 00007ffd49d92b9b   .........+.I....
0x000000cd919fecb0:   0000000000000000 00000200298cca98   ...........)....
0x000000cd919fecc0:   000000cd919fed01 0000000000000000   ................
0x000000cd919fecd0:   000002006f26a960 00007ffd49d917f4   `.&o.......I....
0x000000cd919fece0:   0000000000000000 000000000000001a   ................
0x000000cd919fecf0:   0000000000000000 000000000000001a   ................
0x000000cd919fed00:   0000000b00000000 00000200299f98d0   ...........)....
0x000000cd919fed10:   000002006f26a960 000002006f26a9c8   `.&o......&o....
0x000000cd919fed20:   000002006f26a9d0 000000cd000028b8   ..&o.....(......
0x000000cd919fed30:   0000000000000000 0000000000000000   ................
0x000000cd919fed40:   0000000000000000 00007ffcfb4c5714   .........WL.....
0x000000cd919fed50:   00007ffd49ed4ca0 0000000000001c98   .L.I............
0x000000cd919fed60:   00007ffd49ed4ca0 00000000ffffffff   .L.I............
0x000000cd919fed70:   0000000000000000 00007ffd49d9206a   ........j .I....
0x000000cd919fed80:   00000200298cca98 0000000000000000   ...)............
0x000000cd919fed90:   000000cd919fedf9 0000020009cbc7f0   ................
0x000000cd919feda0:   000002006f0ddc40 00007ffd00000016   @..o............
0x000000cd919fedb0:   0000020009b50000 000002006f0e78f0   .........x.o....
0x000000cd919fedc0:   00000200298cca98 00007ffd49ed4ca0   ...).....L.I....
0x000000cd919fedd0:   0000000000100000 0000000000001000   ................
0x000000cd919fede0:   000000cd919fef88 00000200298cca98   ...........)....
0x000000cd919fedf0:   000002000bedcbf0 000002000bedcf30   ........0.......
0x000000cd919fee00:   000002000bedcf30 00007ffd49ed4ca0   0........L.I....
0x000000cd919fee10:   000000cd919fef88 0000020009bc0000   ................
0x000000cd919fee20:   000000cd919ff0c0 0000000000008840   ........@.......
0x000000cd919fee30:   000000cd919ff2a0 00007ffd49ed4cf0   .........L.I....
0x000000cd919fee40:   0000000000989680 0000000000989680   ................
0x000000cd919fee50:   000000cd919fef60 00007ffd49d8cc21   `.......!..I....
0x000000cd919fee60:   00007ffd49ed4ca0 00007ffd49ed4cf8   .L.I.....L.I....
0x000000cd919fee70:   00007ffd00000000 00007ffd00000001   ................

Instructions: (pc=0x00007ffd49d926c4)
  0x00007ffd49d925c4:   cc cc cc cc cc cc cc cc cc cc cc cc cc cc cc cc
  0x00007ffd49d925d4:   cc cc cc cc cc cc cc cc cc cc cc cc cc cc cc cc
  0x00007ffd49d925e4:   cc cc cc cc cc cc cc cc cc cc cc cc cc cc cc cc
  0x00007ffd49d925f4:   cc cc cc cc cc cc cc cc cc cc cc cc cc cc cc cc
  0x00007ffd49d92604:   cc cc cc cc cc cc cc cc cc cc cc cc cc cc cc cc
  0x00007ffd49d92614:   cc cc cc cc cc cc cc cc cc cc cc cc cc cc cc cc
  0x00007ffd49d92624:   cc cc cc cc cc cc cc cc cc cc cc cc cc cc cc cc
  0x00007ffd49d92634:   cc cc cc cc cc cc cc cc cc cc cc cc cc cc cc cc
  0x00007ffd49d92644:   cc cc cc cc cc cc cc cc cc cc cc cc 40 57 48 83
  0x00007ffd49d92654:   ec 20 48 8b f9 48 8b 0d 10 28 14 00 48 85 c9 74
  0x00007ffd49d92664:   20 48 8b 01 48 8d 54 24 38 41 b8 06 00 01 00 4c
  0x00007ffd49d92674:   8b 48 30 41 ff d1 85 c0 75 07 48 8b 4c 24 38 eb
  0x00007ffd49d92684:   02 33 c9 4c 8b 05 ea 28 14 00 48 89 5c 24 30 4d
  0x00007ffd49d92694:   85 c0 74 4a 48 8b 01 48 8b d7 4c 8b 88 28 03 00
  0x00007ffd49d926a4:   00 41 ff d1 48 85 c0 74 35 48 63 0d f8 e6 13 00
  0x00007ffd49d926b4:   48 8b 14 01 48 85 d2 74 15 48 63 05 fc e6 13 00
=>0x00007ffd49d926c4:   8b 04 10 48 8b 5c 24 30 48 83 c4 20 5f c3 b8 ff
  0x00007ffd49d926d4:   ff ff ff 48 8b 5c 24 30 48 83 c4 20 5f c3 80 3d
  0x00007ffd49d926e4:   9b 27 14 00 00 bb ff ff ff ff 74 20 4c 8b 0d 31
  0x00007ffd49d926f4:   24 14 00 4c 8d 44 24 38 48 8b 0d 15 24 14 00 48
  0x00007ffd49d92704:   8b d7 41 ff d1 85 c0 0f 44 5c 24 38 8b c3 48 8b
  0x00007ffd49d92714:   5c 24 30 48 83 c4 20 5f c3 cc cc cc cc cc cc cc
  0x00007ffd49d92724:   cc cc cc cc cc cc cc cc cc cc cc cc cc cc cc cc
  0x00007ffd49d92734:   cc cc cc cc cc cc cc cc cc cc cc cc cc cc cc cc
  0x00007ffd49d92744:   cc cc cc cc cc cc cc cc cc cc cc cc 48 89 54 24
  0x00007ffd49d92754:   10 53 55 56 57 41 56 41 57 48 83 ec 28 48 8b f2
  0x00007ffd49d92764:   4c 8b f1 48 89 4c 24 78 45 33 ff 44 89 7c 24 68
  0x00007ffd49d92774:   c7 44 24 60 01 00 00 00 48 8d 4c 24 68 e8 ed 42
  0x00007ffd49d92784:   f7 ff 8b d8 48 8d 4c 24 60 e8 e1 42 f7 ff 8b e8
  0x00007ffd49d92794:   49 8b ce e8 00 fc f6 ff 48 8b f8 90 8b c3 f0 0f
  0x00007ffd49d927a4:   b1 2f 74 04 f3 90 eb f4 4c 89 3e 4c 89 7e 08 4c
  0x00007ffd49d927b4:   89 7e 10 49 8b 6e 08 4d 8b 76 10 49 3b ee 0f 84


Stack slot to memory mapping:

stack at sp + 0 slots: 0x000000cd919fedf0 is pointing into the stack for thread: 0x00000200298cc6d0
stack at sp + 1 slots: 0x00000200298cfa00 points into unknown readable memory: 0x000000008bb01ed8 | d8 1e b0 8b 00 00 00 00
stack at sp + 2 slots: 0x0 is null
stack at sp + 3 slots: 0x00000200298cce20 points into unknown readable memory: 0x6e616c2e6176616a | 6a 61 76 61 2e 6c 61 6e
stack at sp + 4 slots: 0x000000000000001a is an unknown value
stack at sp + 5 slots: 0x00007ffd49d92b9b libasyncProfiler.dll
stack at sp + 6 slots: 0x0 is null
stack at sp + 7 slots: 0x00000200298cca98 points into unknown readable memory: 0x00007ffcfbc617b0 | b0 17 c6 fb fc 7f 00 00

Lock stack of current Java thread (top to bottom):


---------------  P R O C E S S  ---------------

Threads class SMR info:
_java_thread_list=0x0000020029b55ef0, length=15, elements={
0x000002000bf7e670, 0x00000200298c56c0, 0x00000200298c6f70, 0x00000200298cbab0,
0x00000200298cc6d0, 0x00000200298d95e0, 0x00000200298dffa0, 0x00000200298ee2d0,
0x0000020029913af0, 0x0000020029ac0110, 0x0000020029ac0860, 0x0000020029ac0fb0,
0x00000200298df100, 0x00000200298de260, 0x00000200298df850
}

Java Threads: ( => current thread )
  0x000002000bf7e670 JavaThread "main"                              [_thread_blocked, id=12468, stack(0x000000cd90e00000,0x000000cd90f00000) (1024K)]
  0x00000200298c56c0 JavaThread "Reference Handler"          daemon [_thread_blocked, id=1240, stack(0x000000cd91600000,0x000000cd91700000) (1024K)]
  0x00000200298c6f70 JavaThread "Finalizer"                  daemon [_thread_blocked, id=4236, stack(0x000000cd91700000,0x000000cd91800000) (1024K)]
  0x00000200298cbab0 JavaThread "Signal Dispatcher"          daemon [_thread_blocked, id=6228, stack(0x000000cd91800000,0x000000cd91900000) (1024K)]
=>0x00000200298cc6d0 JavaThread "Attach Listener"            daemon [_thread_in_native, id=13356, stack(0x000000cd91900000,0x000000cd91a00000) (1024K)]
  0x00000200298d95e0 JavaThread "Service Thread"             daemon [_thread_blocked, id=11488, stack(0x000000cd91a00000,0x000000cd91b00000) (1024K)]
  0x00000200298dffa0 JavaThread "Monitor Deflation Thread"   daemon [_thread_blocked, id=14168, stack(0x000000cd91b00000,0x000000cd91c00000) (1024K)]
  0x00000200298ee2d0 JavaThread "C2 CompilerThread0"         daemon [_thread_blocked, id=3656, stack(0x000000cd91c00000,0x000000cd91d00000) (1024K)]
  0x0000020029913af0 JavaThread "C1 CompilerThread0"         daemon [_thread_blocked, id=8000, stack(0x000000cd91d00000,0x000000cd91e00000) (1024K)]
  0x0000020029ac0110 JavaThread "JDWP Transport Listener: dt_socket" daemon [_thread_blocked, id=14232, stack(0x000000cd91e00000,0x000000cd91f00000) (1024K)]
  0x0000020029ac0860 JavaThread "JDWP Event Helper Thread"   daemon [_thread_blocked, id=8124, stack(0x000000cd91f00000,0x000000cd92000000) (1024K)]
  0x0000020029ac0fb0 JavaThread "JDWP Command Reader"        daemon [_thread_in_native, id=1740, stack(0x000000cd92000000,0x000000cd92100000) (1024K)]
  0x00000200298df100 JavaThread "Common-Cleaner"             daemon [_thread_blocked, id=10856, stack(0x000000cd92100000,0x000000cd92200000) (1024K)]
  0x00000200298de260 JavaThread "IntelliJ Suspend Helper"    daemon [_thread_blocked, id=11228, stack(0x000000cd92200000,0x000000cd92300000) (1024K)]
  0x00000200298df850 JavaThread "Notification Thread"        daemon [_thread_blocked, id=10424, stack(0x000000cd92300000,0x000000cd92400000) (1024K)]
Total: 15

Other Threads:
  0x00000200298b3580 VMThread "VM Thread"                           [id=13784, stack(0x000000cd91500000,0x000000cd91600000) (1024K)]
  0x000002000bc36200 WatcherThread "VM Periodic Task Thread"        [id=13536, stack(0x000000cd91400000,0x000000cd91500000) (1024K)]
  0x000002000baf4a40 WorkerThread "GC Thread#0"                     [id=1904, stack(0x000000cd90f00000,0x000000cd91000000) (1024K)]
  0x000002000bb09090 ConcurrentGCThread "G1 Main Marker"            [id=10128, stack(0x000000cd91000000,0x000000cd91100000) (1024K)]
  0x000002000bb09f40 WorkerThread "G1 Conc#0"                       [id=8940, stack(0x000000cd91100000,0x000000cd91200000) (1024K)]
  0x000002000bbe2550 ConcurrentGCThread "G1 Refine#0"               [id=4604, stack(0x000000cd91200000,0x000000cd91300000) (1024K)]
  0x000002000bbe30d0 ConcurrentGCThread "G1 Service"                [id=3052, stack(0x000000cd91300000,0x000000cd91400000) (1024K)]
Total: 7

Threads with active compile tasks:
Total: 0

VM state: not at safepoint (normal execution)

VM Mutex/Monitor currently owned by a thread: None

Heap address: 0x0000000084000000, size: 1984 MB, Compressed Oops mode: 32-bit

CDS archive(s) mapped at: [0x000002002a000000-0x000002002ad40000-0x000002002ad40000), size 13893632, SharedBaseAddress: 0x000002002a000000, ArchiveRelocationMode: 1.
Compressed class space mapped at: 0x000002002b000000-0x000002006b000000, reserved size: 1073741824
UseCompressedClassPointers 1, UseCompactObjectHeaders 0
Narrow klass pointer bits 32, Max shift 3
Narrow klass base: 0x000002002a000000, Narrow klass shift: 0
Encoding Range: [0x000002002a000000 - 0x000002012a000000), (4294967296 bytes)
Klass Range:    [0x000002002a000000 - 0x000002006b000000), (1090519040 bytes)
Klass ID Range:  [8 - 1090519033) (1090519025)

GC Precious Log:
 CardTable entry size: 512
 Card Set container configuration: InlinePtr #cards 5 size 8 Array Of Cards #cards 10 size 36 Howl #buckets 4 coarsen threshold 1843 Howl Bitmap #cards 512 size 80 coarsen threshold 460 Card regions per heap region 1 cards per card region 2048
 CPUs: 8 total, 8 available
 Memory: 7934M
 Large Page Support: Disabled
 NUMA Support: Disabled
 Compressed Oops: Enabled (32-bit)
 Heap Region Size: 1M
 Heap Min Capacity: 8M
 Heap Initial Capacity: 124M
 Heap Max Capacity: 1984M
 Pre-touch: Disabled
 Parallel Workers: 8
 Concurrent Workers: 2
 Concurrent Refinement Workers: 8
 Periodic GC: Disabled

Heap:
 garbage-first heap   total reserved 2031616K, committed 129024K, used 6260K [0x0000000084000000, 0x0000000100000000)
  region size 1024K, 6 young (6144K), 0 survivors (0K)
 Metaspace       used 2301K, committed 2496K, reserved 1114112K
  class space    used 160K, committed 256K, reserved 1048576K

Heap Regions: E=young(eden), S=young(survivor), O=old, HS=humongous(starts), HC=humongous(continues), CS=collection set, F=free, TAMS=top-at-mark-start, PB=parsable bottom
|   0|0x0000000084000000, 0x0000000084000000, 0x0000000084100000|  0%| F|  |TAMS 0x0000000084000000| PB 0x0000000084000000| Untracked |  0
|   1|0x0000000084100000, 0x0000000084100000, 0x0000000084200000|  0%| F|  |TAMS 0x0000000084100000| PB 0x0000000084100000| Untracked |  0
|   2|0x0000000084200000, 0x0000000084200000, 0x0000000084300000|  0%| F|  |TAMS 0x0000000084200000| PB 0x0000000084200000| Untracked |  0
|   3|0x0000000084300000, 0x0000000084300000, 0x0000000084400000|  0%| F|  |TAMS 0x0000000084300000| PB 0x0000000084300000| Untracked |  0
|   4|0x0000000084400000, 0x0000000084400000, 0x0000000084500000|  0%| F|  |TAMS 0x0000000084400000| PB 0x0000000084400000| Untracked |  0
|   5|0x0000000084500000, 0x0000000084500000, 0x0000000084600000|  0%| F|  |TAMS 0x0000000084500000| PB 0x0000000084500000| Untracked |  0
|   6|0x0000000084600000, 0x0000000084600000, 0x0000000084700000|  0%| F|  |TAMS 0x0000000084600000| PB 0x0000000084600000| Untracked |  0
|   7|0x0000000084700000, 0x0000000084700000, 0x0000000084800000|  0%| F|  |TAMS 0x0000000084700000| PB 0x0000000084700000| Untracked |  0
|   8|0x0000000084800000, 0x0000000084800000, 0x0000000084900000|  0%| F|  |TAMS 0x0000000084800000| PB 0x0000000084800000| Untracked |  0
|   9|0x0000000084900000, 0x0000000084900000, 0x0000000084a00000|  0%| F|  |TAMS 0x0000000084900000| PB 0x0000000084900000| Untracked |  0
|  10|0x0000000084a00000, 0x0000000084a00000, 0x0000000084b00000|  0%| F|  |TAMS 0x0000000084a00000| PB 0x0000000084a00000| Untracked |  0
|  11|0x0000000084b00000, 0x0000000084b00000, 0x0000000084c00000|  0%| F|  |TAMS 0x0000000084b00000| PB 0x0000000084b00000| Untracked |  0
|  12|0x0000000084c00000, 0x0000000084c00000, 0x0000000084d00000|  0%| F|  |TAMS 0x0000000084c00000| PB 0x0000000084c00000| Untracked |  0
|  13|0x0000000084d00000, 0x0000000084d00000, 0x0000000084e00000|  0%| F|  |TAMS 0x0000000084d00000| PB 0x0000000084d00000| Untracked |  0
|  14|0x0000000084e00000, 0x0000000084e00000, 0x0000000084f00000|  0%| F|  |TAMS 0x0000000084e00000| PB 0x0000000084e00000| Untracked |  0
|  15|0x0000000084f00000, 0x0000000084f00000, 0x0000000085000000|  0%| F|  |TAMS 0x0000000084f00000| PB 0x0000000084f00000| Untracked |  0
|  16|0x0000000085000000, 0x0000000085000000, 0x0000000085100000|  0%| F|  |TAMS 0x0000000085000000| PB 0x0000000085000000| Untracked |  0
|  17|0x0000000085100000, 0x0000000085100000, 0x0000000085200000|  0%| F|  |TAMS 0x0000000085100000| PB 0x0000000085100000| Untracked |  0
|  18|0x0000000085200000, 0x0000000085200000, 0x0000000085300000|  0%| F|  |TAMS 0x0000000085200000| PB 0x0000000085200000| Untracked |  0
|  19|0x0000000085300000, 0x0000000085300000, 0x0000000085400000|  0%| F|  |TAMS 0x0000000085300000| PB 0x0000000085300000| Untracked |  0
|  20|0x0000000085400000, 0x0000000085400000, 0x0000000085500000|  0%| F|  |TAMS 0x0000000085400000| PB 0x0000000085400000| Untracked |  0
|  21|0x0000000085500000, 0x0000000085500000, 0x0000000085600000|  0%| F|  |TAMS 0x0000000085500000| PB 0x0000000085500000| Untracked |  0
|  22|0x0000000085600000, 0x0000000085600000, 0x0000000085700000|  0%| F|  |TAMS 0x0000000085600000| PB 0x0000000085600000| Untracked |  0
|  23|0x0000000085700000, 0x0000000085700000, 0x0000000085800000|  0%| F|  |TAMS 0x0000000085700000| PB 0x0000000085700000| Untracked |  0
|  24|0x0000000085800000, 0x0000000085800000, 0x0000000085900000|  0%| F|  |TAMS 0x0000000085800000| PB 0x0000000085800000| Untracked |  0
|  25|0x0000000085900000, 0x0000000085900000, 0x0000000085a00000|  0%| F|  |TAMS 0x0000000085900000| PB 0x0000000085900000| Untracked |  0
|  26|0x0000000085a00000, 0x0000000085a00000, 0x0000000085b00000|  0%| F|  |TAMS 0x0000000085a00000| PB 0x0000000085a00000| Untracked |  0
|  27|0x0000000085b00000, 0x0000000085b00000, 0x0000000085c00000|  0%| F|  |TAMS 0x0000000085b00000| PB 0x0000000085b00000| Untracked |  0
|  28|0x0000000085c00000, 0x0000000085c00000, 0x0000000085d00000|  0%| F|  |TAMS 0x0000000085c00000| PB 0x0000000085c00000| Untracked |  0
|  29|0x0000000085d00000, 0x0000000085d00000, 0x0000000085e00000|  0%| F|  |TAMS 0x0000000085d00000| PB 0x0000000085d00000| Untracked |  0
|  30|0x0000000085e00000, 0x0000000085e00000, 0x0000000085f00000|  0%| F|  |TAMS 0x0000000085e00000| PB 0x0000000085e00000| Untracked |  0
|  31|0x0000000085f00000, 0x0000000085f00000, 0x0000000086000000|  0%| F|  |TAMS 0x0000000085f00000| PB 0x0000000085f00000| Untracked |  0
|  32|0x0000000086000000, 0x0000000086000000, 0x0000000086100000|  0%| F|  |TAMS 0x0000000086000000| PB 0x0000000086000000| Untracked |  0
|  33|0x0000000086100000, 0x0000000086100000, 0x0000000086200000|  0%| F|  |TAMS 0x0000000086100000| PB 0x0000000086100000| Untracked |  0
|  34|0x0000000086200000, 0x0000000086200000, 0x0000000086300000|  0%| F|  |TAMS 0x0000000086200000| PB 0x0000000086200000| Untracked |  0
|  35|0x0000000086300000, 0x0000000086300000, 0x0000000086400000|  0%| F|  |TAMS 0x0000000086300000| PB 0x0000000086300000| Untracked |  0
|  36|0x0000000086400000, 0x0000000086400000, 0x0000000086500000|  0%| F|  |TAMS 0x0000000086400000| PB 0x0000000086400000| Untracked |  0
|  37|0x0000000086500000, 0x0000000086500000, 0x0000000086600000|  0%| F|  |TAMS 0x0000000086500000| PB 0x0000000086500000| Untracked |  0
|  38|0x0000000086600000, 0x0000000086600000, 0x0000000086700000|  0%| F|  |TAMS 0x0000000086600000| PB 0x0000000086600000| Untracked |  0
|  39|0x0000000086700000, 0x0000000086700000, 0x0000000086800000|  0%| F|  |TAMS 0x0000000086700000| PB 0x0000000086700000| Untracked |  0
|  40|0x0000000086800000, 0x0000000086800000, 0x0000000086900000|  0%| F|  |TAMS 0x0000000086800000| PB 0x0000000086800000| Untracked |  0
|  41|0x0000000086900000, 0x0000000086900000, 0x0000000086a00000|  0%| F|  |TAMS 0x0000000086900000| PB 0x0000000086900000| Untracked |  0
|  42|0x0000000086a00000, 0x0000000086a00000, 0x0000000086b00000|  0%| F|  |TAMS 0x0000000086a00000| PB 0x0000000086a00000| Untracked |  0
|  43|0x0000000086b00000, 0x0000000086b00000, 0x0000000086c00000|  0%| F|  |TAMS 0x0000000086b00000| PB 0x0000000086b00000| Untracked |  0
|  44|0x0000000086c00000, 0x0000000086c00000, 0x0000000086d00000|  0%| F|  |TAMS 0x0000000086c00000| PB 0x0000000086c00000| Untracked |  0
|  45|0x0000000086d00000, 0x0000000086d00000, 0x0000000086e00000|  0%| F|  |TAMS 0x0000000086d00000| PB 0x0000000086d00000| Untracked |  0
|  46|0x0000000086e00000, 0x0000000086e00000, 0x0000000086f00000|  0%| F|  |TAMS 0x0000000086e00000| PB 0x0000000086e00000| Untracked |  0
|  47|0x0000000086f00000, 0x0000000086f00000, 0x0000000087000000|  0%| F|  |TAMS 0x0000000086f00000| PB 0x0000000086f00000| Untracked |  0
|  48|0x0000000087000000, 0x0000000087000000, 0x0000000087100000|  0%| F|  |TAMS 0x0000000087000000| PB 0x0000000087000000| Untracked |  0
|  49|0x0000000087100000, 0x0000000087100000, 0x0000000087200000|  0%| F|  |TAMS 0x0000000087100000| PB 0x0000000087100000| Untracked |  0
|  50|0x0000000087200000, 0x0000000087200000, 0x0000000087300000|  0%| F|  |TAMS 0x0000000087200000| PB 0x0000000087200000| Untracked |  0
|  51|0x0000000087300000, 0x0000000087300000, 0x0000000087400000|  0%| F|  |TAMS 0x0000000087300000| PB 0x0000000087300000| Untracked |  0
|  52|0x0000000087400000, 0x0000000087400000, 0x0000000087500000|  0%| F|  |TAMS 0x0000000087400000| PB 0x0000000087400000| Untracked |  0
|  53|0x0000000087500000, 0x0000000087500000, 0x0000000087600000|  0%| F|  |TAMS 0x0000000087500000| PB 0x0000000087500000| Untracked |  0
|  54|0x0000000087600000, 0x0000000087600000, 0x0000000087700000|  0%| F|  |TAMS 0x0000000087600000| PB 0x0000000087600000| Untracked |  0
|  55|0x0000000087700000, 0x0000000087700000, 0x0000000087800000|  0%| F|  |TAMS 0x0000000087700000| PB 0x0000000087700000| Untracked |  0
|  56|0x0000000087800000, 0x0000000087800000, 0x0000000087900000|  0%| F|  |TAMS 0x0000000087800000| PB 0x0000000087800000| Untracked |  0
|  57|0x0000000087900000, 0x0000000087900000, 0x0000000087a00000|  0%| F|  |TAMS 0x0000000087900000| PB 0x0000000087900000| Untracked |  0
|  58|0x0000000087a00000, 0x0000000087a00000, 0x0000000087b00000|  0%| F|  |TAMS 0x0000000087a00000| PB 0x0000000087a00000| Untracked |  0
|  59|0x0000000087b00000, 0x0000000087b00000, 0x0000000087c00000|  0%| F|  |TAMS 0x0000000087b00000| PB 0x0000000087b00000| Untracked |  0
|  60|0x0000000087c00000, 0x0000000087c00000, 0x0000000087d00000|  0%| F|  |TAMS 0x0000000087c00000| PB 0x0000000087c00000| Untracked |  0
|  61|0x0000000087d00000, 0x0000000087d00000, 0x0000000087e00000|  0%| F|  |TAMS 0x0000000087d00000| PB 0x0000000087d00000| Untracked |  0
|  62|0x0000000087e00000, 0x0000000087e00000, 0x0000000087f00000|  0%| F|  |TAMS 0x0000000087e00000| PB 0x0000000087e00000| Untracked |  0
|  63|0x0000000087f00000, 0x0000000087f00000, 0x0000000088000000|  0%| F|  |TAMS 0x0000000087f00000| PB 0x0000000087f00000| Untracked |  0
|  64|0x0000000088000000, 0x0000000088000000, 0x0000000088100000|  0%| F|  |TAMS 0x0000000088000000| PB 0x0000000088000000| Untracked |  0
|  65|0x0000000088100000, 0x0000000088100000, 0x0000000088200000|  0%| F|  |TAMS 0x0000000088100000| PB 0x0000000088100000| Untracked |  0
|  66|0x0000000088200000, 0x0000000088200000, 0x0000000088300000|  0%| F|  |TAMS 0x0000000088200000| PB 0x0000000088200000| Untracked |  0
|  67|0x0000000088300000, 0x0000000088300000, 0x0000000088400000|  0%| F|  |TAMS 0x0000000088300000| PB 0x0000000088300000| Untracked |  0
|  68|0x0000000088400000, 0x0000000088400000, 0x0000000088500000|  0%| F|  |TAMS 0x0000000088400000| PB 0x0000000088400000| Untracked |  0
|  69|0x0000000088500000, 0x0000000088500000, 0x0000000088600000|  0%| F|  |TAMS 0x0000000088500000| PB 0x0000000088500000| Untracked |  0
|  70|0x0000000088600000, 0x0000000088600000, 0x0000000088700000|  0%| F|  |TAMS 0x0000000088600000| PB 0x0000000088600000| Untracked |  0
|  71|0x0000000088700000, 0x0000000088700000, 0x0000000088800000|  0%| F|  |TAMS 0x0000000088700000| PB 0x0000000088700000| Untracked |  0
|  72|0x0000000088800000, 0x0000000088800000, 0x0000000088900000|  0%| F|  |TAMS 0x0000000088800000| PB 0x0000000088800000| Untracked |  0
|  73|0x0000000088900000, 0x0000000088900000, 0x0000000088a00000|  0%| F|  |TAMS 0x0000000088900000| PB 0x0000000088900000| Untracked |  0
|  74|0x0000000088a00000, 0x0000000088a00000, 0x0000000088b00000|  0%| F|  |TAMS 0x0000000088a00000| PB 0x0000000088a00000| Untracked |  0
|  75|0x0000000088b00000, 0x0000000088b00000, 0x0000000088c00000|  0%| F|  |TAMS 0x0000000088b00000| PB 0x0000000088b00000| Untracked |  0
|  76|0x0000000088c00000, 0x0000000088c00000, 0x0000000088d00000|  0%| F|  |TAMS 0x0000000088c00000| PB 0x0000000088c00000| Untracked |  0
|  77|0x0000000088d00000, 0x0000000088d00000, 0x0000000088e00000|  0%| F|  |TAMS 0x0000000088d00000| PB 0x0000000088d00000| Untracked |  0
|  78|0x0000000088e00000, 0x0000000088e00000, 0x0000000088f00000|  0%| F|  |TAMS 0x0000000088e00000| PB 0x0000000088e00000| Untracked |  0
|  79|0x0000000088f00000, 0x0000000088f00000, 0x0000000089000000|  0%| F|  |TAMS 0x0000000088f00000| PB 0x0000000088f00000| Untracked |  0
|  80|0x0000000089000000, 0x0000000089000000, 0x0000000089100000|  0%| F|  |TAMS 0x0000000089000000| PB 0x0000000089000000| Untracked |  0
|  81|0x0000000089100000, 0x0000000089100000, 0x0000000089200000|  0%| F|  |TAMS 0x0000000089100000| PB 0x0000000089100000| Untracked |  0
|  82|0x0000000089200000, 0x0000000089200000, 0x0000000089300000|  0%| F|  |TAMS 0x0000000089200000| PB 0x0000000089200000| Untracked |  0
|  83|0x0000000089300000, 0x0000000089300000, 0x0000000089400000|  0%| F|  |TAMS 0x0000000089300000| PB 0x0000000089300000| Untracked |  0
|  84|0x0000000089400000, 0x0000000089400000, 0x0000000089500000|  0%| F|  |TAMS 0x0000000089400000| PB 0x0000000089400000| Untracked |  0
|  85|0x0000000089500000, 0x0000000089500000, 0x0000000089600000|  0%| F|  |TAMS 0x0000000089500000| PB 0x0000000089500000| Untracked |  0
|  86|0x0000000089600000, 0x0000000089600000, 0x0000000089700000|  0%| F|  |TAMS 0x0000000089600000| PB 0x0000000089600000| Untracked |  0
|  87|0x0000000089700000, 0x0000000089700000, 0x0000000089800000|  0%| F|  |TAMS 0x0000000089700000| PB 0x0000000089700000| Untracked |  0
|  88|0x0000000089800000, 0x0000000089800000, 0x0000000089900000|  0%| F|  |TAMS 0x0000000089800000| PB 0x0000000089800000| Untracked |  0
|  89|0x0000000089900000, 0x0000000089900000, 0x0000000089a00000|  0%| F|  |TAMS 0x0000000089900000| PB 0x0000000089900000| Untracked |  0
|  90|0x0000000089a00000, 0x0000000089a00000, 0x0000000089b00000|  0%| F|  |TAMS 0x0000000089a00000| PB 0x0000000089a00000| Untracked |  0
|  91|0x0000000089b00000, 0x0000000089b00000, 0x0000000089c00000|  0%| F|  |TAMS 0x0000000089b00000| PB 0x0000000089b00000| Untracked |  0
|  92|0x0000000089c00000, 0x0000000089c00000, 0x0000000089d00000|  0%| F|  |TAMS 0x0000000089c00000| PB 0x0000000089c00000| Untracked |  0
|  93|0x0000000089d00000, 0x0000000089d00000, 0x0000000089e00000|  0%| F|  |TAMS 0x0000000089d00000| PB 0x0000000089d00000| Untracked |  0
|  94|0x0000000089e00000, 0x0000000089e00000, 0x0000000089f00000|  0%| F|  |TAMS 0x0000000089e00000| PB 0x0000000089e00000| Untracked |  0
|  95|0x0000000089f00000, 0x0000000089f00000, 0x000000008a000000|  0%| F|  |TAMS 0x0000000089f00000| PB 0x0000000089f00000| Untracked |  0
|  96|0x000000008a000000, 0x000000008a000000, 0x000000008a100000|  0%| F|  |TAMS 0x000000008a000000| PB 0x000000008a000000| Untracked |  0
|  97|0x000000008a100000, 0x000000008a100000, 0x000000008a200000|  0%| F|  |TAMS 0x000000008a100000| PB 0x000000008a100000| Untracked |  0
|  98|0x000000008a200000, 0x000000008a200000, 0x000000008a300000|  0%| F|  |TAMS 0x000000008a200000| PB 0x000000008a200000| Untracked |  0
|  99|0x000000008a300000, 0x000000008a300000, 0x000000008a400000|  0%| F|  |TAMS 0x000000008a300000| PB 0x000000008a300000| Untracked |  0
| 100|0x000000008a400000, 0x000000008a400000, 0x000000008a500000|  0%| F|  |TAMS 0x000000008a400000| PB 0x000000008a400000| Untracked |  0
| 101|0x000000008a500000, 0x000000008a500000, 0x000000008a600000|  0%| F|  |TAMS 0x000000008a500000| PB 0x000000008a500000| Untracked |  0
| 102|0x000000008a600000, 0x000000008a600000, 0x000000008a700000|  0%| F|  |TAMS 0x000000008a600000| PB 0x000000008a600000| Untracked |  0
| 103|0x000000008a700000, 0x000000008a700000, 0x000000008a800000|  0%| F|  |TAMS 0x000000008a700000| PB 0x000000008a700000| Untracked |  0
| 104|0x000000008a800000, 0x000000008a800000, 0x000000008a900000|  0%| F|  |TAMS 0x000000008a800000| PB 0x000000008a800000| Untracked |  0
| 105|0x000000008a900000, 0x000000008a900000, 0x000000008aa00000|  0%| F|  |TAMS 0x000000008a900000| PB 0x000000008a900000| Untracked |  0
| 106|0x000000008aa00000, 0x000000008aa00000, 0x000000008ab00000|  0%| F|  |TAMS 0x000000008aa00000| PB 0x000000008aa00000| Untracked |  0
| 107|0x000000008ab00000, 0x000000008ab00000, 0x000000008ac00000|  0%| F|  |TAMS 0x000000008ab00000| PB 0x000000008ab00000| Untracked |  0
| 108|0x000000008ac00000, 0x000000008ac00000, 0x000000008ad00000|  0%| F|  |TAMS 0x000000008ac00000| PB 0x000000008ac00000| Untracked |  0
| 109|0x000000008ad00000, 0x000000008ad00000, 0x000000008ae00000|  0%| F|  |TAMS 0x000000008ad00000| PB 0x000000008ad00000| Untracked |  0
| 110|0x000000008ae00000, 0x000000008ae00000, 0x000000008af00000|  0%| F|  |TAMS 0x000000008ae00000| PB 0x000000008ae00000| Untracked |  0
| 111|0x000000008af00000, 0x000000008af00000, 0x000000008b000000|  0%| F|  |TAMS 0x000000008af00000| PB 0x000000008af00000| Untracked |  0
| 112|0x000000008b000000, 0x000000008b000000, 0x000000008b100000|  0%| F|  |TAMS 0x000000008b000000| PB 0x000000008b000000| Untracked |  0
| 113|0x000000008b100000, 0x000000008b100000, 0x000000008b200000|  0%| F|  |TAMS 0x000000008b100000| PB 0x000000008b100000| Untracked |  0
| 114|0x000000008b200000, 0x000000008b200000, 0x000000008b300000|  0%| F|  |TAMS 0x000000008b200000| PB 0x000000008b200000| Untracked |  0
| 115|0x000000008b300000, 0x000000008b300000, 0x000000008b400000|  0%| F|  |TAMS 0x000000008b300000| PB 0x000000008b300000| Untracked |  0
| 116|0x000000008b400000, 0x000000008b400000, 0x000000008b500000|  0%| F|  |TAMS 0x000000008b400000| PB 0x000000008b400000| Untracked |  0
| 117|0x000000008b500000, 0x000000008b500000, 0x000000008b600000|  0%| F|  |TAMS 0x000000008b500000| PB 0x000000008b500000| Untracked |  0
| 118|0x000000008b600000, 0x000000008b700000, 0x000000008b700000|100%| E|  |TAMS 0x000000008b600000| PB 0x000000008b600000| Complete |  0
| 119|0x000000008b700000, 0x000000008b800000, 0x000000008b800000|100%| E|CS|TAMS 0x000000008b700000| PB 0x000000008b700000| Complete |  0
| 120|0x000000008b800000, 0x000000008b900000, 0x000000008b900000|100%| E|CS|TAMS 0x000000008b800000| PB 0x000000008b800000| Complete |  0
| 121|0x000000008b900000, 0x000000008ba00000, 0x000000008ba00000|100%| E|CS|TAMS 0x000000008b900000| PB 0x000000008b900000| Complete |  0
| 122|0x000000008ba00000, 0x000000008bb00000, 0x000000008bb00000|100%| E|CS|TAMS 0x000000008ba00000| PB 0x000000008ba00000| Complete |  0
| 123|0x000000008bb00000, 0x000000008bc00000, 0x000000008bc00000|100%| E|CS|TAMS 0x000000008bb00000| PB 0x000000008bb00000| Complete |  0
|1982|0x00000000ffe00000, 0x00000000fff00000, 0x00000000fff00000|100%| O|  |TAMS 0x00000000ffe00000| PB 0x00000000ffe00000| Untracked |  0
|1983|0x00000000fff00000, 0x00000000fff1d248, 0x0000000100000000| 11%| O|  |TAMS 0x00000000fff00000| PB 0x00000000fff00000| Untracked |  0

Card table byte_map: [0x0000020024bc0000,0x0000020024fa0000] _byte_map_base: 0x00000200247a0000

Marking Bits: (CMBitMap*) 0x000002000baf5150
 Bits: [0x0000020024fa0000, 0x0000020026ea0000)

Polling page: 0x000002000b690000

Metaspace:

Usage:
  Non-class:      2.09 MB used.
      Class:    160.44 KB used.
       Both:      2.25 MB used.

Virtual space:
  Non-class space:       64.00 MB reserved,       2.19 MB (  3%) committed,  1 nodes.
      Class space:        1.00 GB reserved,     256.00 KB ( <1%) committed,  1 nodes.
             Both:        1.06 GB reserved,       2.44 MB ( <1%) committed. 

Chunk freelists:
   Non-Class:  11.92 MB
       Class:  15.73 MB
        Both:  27.66 MB

MaxMetaspaceSize: unlimited
CompressedClassSpaceSize: 1.00 GB
Initial GC threshold: 21.00 MB
Current GC threshold: 21.00 MB
CDS: on
 - commit_granule_bytes: 65536.
 - commit_granule_words: 8192.
 - virtual_space_node_default_size: 8388608.
 - enlarge_chunks_in_place: 1.
UseCompressedClassPointers 1, UseCompactObjectHeaders 0
Narrow klass pointer bits 32, Max shift 3
Narrow klass base: 0x000002002a000000, Narrow klass shift: 0
Encoding Range: [0x000002002a000000 - 0x000002012a000000), (4294967296 bytes)
Klass Range:    [0x000002002a000000 - 0x000002006b000000), (1090519040 bytes)
Klass ID Range:  [8 - 1090519033) (1090519025)


Internal statistics:

num_allocs_failed_limit: 0.
num_arena_births: 22.
num_arena_deaths: 0.
num_vsnodes_births: 2.
num_vsnodes_deaths: 0.
num_space_committed: 39.
num_space_uncommitted: 0.
num_chunks_returned_to_freelist: 0.
num_chunks_taken_from_freelist: 28.
num_chunk_merges: 0.
num_chunk_splits: 19.
num_chunks_enlarged: 13.
num_inconsistent_stats: 0.

CodeHeap 'non-profiled nmethods': size=120064Kb used=108Kb max_used=108Kb free=119955Kb
 bounds [0x000002001ca20000, 0x000002001cc90000, 0x0000020023f60000]
CodeHeap 'profiled nmethods': size=120000Kb used=330Kb max_used=330Kb free=119669Kb
 bounds [0x0000020014f60000, 0x00000200151d0000, 0x000002001c490000]
CodeHeap 'non-nmethods': size=5696Kb used=1409Kb max_used=1423Kb free=4286Kb
 bounds [0x000002001c490000, 0x000002001c700000, 0x000002001ca20000]
CodeCache: size=245760Kb, used=1847Kb, max_used=1861Kb, free=243910Kb
 total_blobs=770, nmethods=354, adapters=322, full_count=0
Compilation: enabled, stopped_count=0, restarted_count=0

Compilation events (20 events):
Event: 0.632 Thread 0x0000020029913af0  342       1       jdk.internal.util.WeakReferenceKey::hashCode (5 bytes)
Event: 0.632 Thread 0x0000020029913af0 nmethod 342 0x000002001ca39b08 code [0x000002001ca39c00, 0x000002001ca39cc8]
Event: 31.241 Thread 0x0000020029913af0  345       3       java.lang.String::startsWith (7 bytes)
Event: 31.241 Thread 0x0000020029913af0 nmethod 345 0x0000020014fad908 code [0x0000020014fada20, 0x0000020014fadbf8]
Event: 31.241 Thread 0x00000200298ee2d0  346       4       java.lang.StringCoding::countPositives (33 bytes)
Event: 31.242 Thread 0x0000020029913af0  348   !   3       java.lang.String::<init> (852 bytes)
Event: 31.245 Thread 0x0000020029913af0 nmethod 348 0x0000020014fadc08 code [0x0000020014fae0c0, 0x0000020014fb0f18]
Event: 31.245 Thread 0x00000200298ee2d0 nmethod 346 0x000002001ca3a108 code [0x000002001ca3a200, 0x000002001ca3a380]
Event: 31.245 Thread 0x00000200298ee2d0  347       4       java.lang.System$1::getUTF16Char (6 bytes)
Event: 31.246 Thread 0x00000200298ee2d0 nmethod 347 0x000002001ca3a408 code [0x000002001ca3a500, 0x000002001ca3a578]
Event: 31.257 Thread 0x00000200298ee2d0  349       4       java.lang.StringLatin1::indexOfChar (33 bytes)
Event: 31.259 Thread 0x0000020029913af0  350       3       java.lang.invoke.LambdaForm$BasicType::basicType (187 bytes)
Event: 31.259 Thread 0x0000020029913af0 nmethod 350 0x0000020014fb1008 code [0x0000020014fb1220, 0x0000020014fb1f50]
Event: 31.259 Thread 0x0000020029913af0  352       3       java.lang.invoke.LambdaForm$BasicType::basicType (8 bytes)
Event: 31.260 Thread 0x0000020029913af0 nmethod 352 0x0000020014fb2008 code [0x0000020014fb2140, 0x0000020014fb2480]
Event: 31.260 Thread 0x0000020029913af0  353       3       sun.invoke.util.Wrapper::basicTypeChar (18 bytes)
Event: 31.260 Thread 0x0000020029913af0 nmethod 353 0x0000020014fb2508 code [0x0000020014fb2640, 0x0000020014fb2908]
Event: 31.260 Thread 0x0000020029913af0  354       1       java.lang.invoke.MethodTypeForm::erasedType (5 bytes)
Event: 31.260 Thread 0x0000020029913af0 nmethod 354 0x000002001ca3ad08 code [0x000002001ca3ae00, 0x000002001ca3aec8]
Event: 31.260 Thread 0x00000200298ee2d0 nmethod 349 0x000002001ca3b008 code [0x000002001ca3b100, 0x000002001ca3b290]

GC Heap History (0 events):
No events

Dll operation events (8 events):
Event: 0.010 Loaded shared library C:\Program Files\Java\jdk-24\bin\java.dll
Event: 0.011 Loaded shared library C:\Program Files\Java\jdk-24\bin\zip.dll
Event: 0.040 Loaded shared library C:\Program Files\Java\jdk-24\bin\jsvml.dll
Event: 0.167 Loaded shared library C:\Program Files\Java\jdk-24\bin\instrument.dll
Event: 0.351 Loaded shared library C:\Program Files\Java\jdk-24\bin\net.dll
Event: 0.352 Loaded shared library C:\Program Files\Java\jdk-24\bin\nio.dll
Event: 0.596 Loaded shared library C:\Program Files\Java\jdk-24\bin\zip.dll
Event: 31.308 Loaded shared library C:\Users\Админ\AppData\Local\Temp\idea_libasyncProfiler_dll_temp_folder6\libasyncProfiler.dll

Deoptimization events (8 events):
Event: 0.193 Thread 0x000002000bf7e670 Uncommon trap: trap_request=0xffffff4d fr.pc=0x000002001ca29dd8 relative=0x00000000000000b8
Event: 0.193 Thread 0x000002000bf7e670 Uncommon trap: reason=unstable_if action=reinterpret pc=0x000002001ca29dd8 method=java.lang.String.hashCode()I @ 42 c2
Event: 0.193 Thread 0x000002000bf7e670 DEOPT PACKING pc=0x000002001ca29dd8 sp=0x000000cd90efca40
Event: 0.194 Thread 0x000002000bf7e670 DEOPT UNPACKING pc=0x000002001c5c6182 sp=0x000000cd90efc9d8 mode 2
Event: 31.241 Thread 0x000002000bf7e670 DEOPT PACKING pc=0x0000020014f9ce98 sp=0x000000cd90efc540
Event: 31.241 Thread 0x000002000bf7e670 DEOPT UNPACKING pc=0x000002001c4e6642 sp=0x000000cd90efb9b0 mode 0
Event: 31.242 Thread 0x000002000bf7e670 DEOPT PACKING pc=0x0000020014fa4afb sp=0x000000cd90efc800
Event: 31.242 Thread 0x000002000bf7e670 DEOPT UNPACKING pc=0x000002001c4e6642 sp=0x000000cd90efbce8 mode 0

Classes loaded (20 events):
Event: 0.629 Loading class java/lang/invoke/VarHandleByteArrayAsInts$ArrayHandle
Event: 0.629 Loading class java/lang/invoke/VarHandleByteArrayAsInts$ArrayHandle done
Event: 0.630 Loading class java/lang/invoke/VarHandleByteArrayAsFloats$ArrayHandle
Event: 0.630 Loading class java/lang/invoke/VarHandleByteArrayAsFloats$ArrayHandle done
Event: 0.630 Loading class java/lang/invoke/VarHandleByteArrayAsLongs$ArrayHandle
Event: 0.631 Loading class java/lang/invoke/VarHandleByteArrayAsLongs$ArrayHandle done
Event: 0.632 Loading class java/lang/invoke/VarHandleByteArrayAsDoubles$ArrayHandle
Event: 0.632 Loading class java/lang/invoke/VarHandleByteArrayAsDoubles$ArrayHandle done
Event: 31.240 Loading class kotlinx/coroutines/debug/internal/DebugProbesImpl
Event: 31.240 Loading class kotlinx/coroutines/debug/internal/DebugProbesImpl done
Event: 31.242 Loading class com/intellij/rt/debugger/agent/CaptureStorage$4
Event: 31.242 Loading class com/intellij/rt/debugger/agent/CaptureStorage$4 done
Event: 31.242 Loading class com/intellij/rt/debugger/agent/CaptureStorage$9
Event: 31.242 Loading class com/intellij/rt/debugger/agent/CaptureStorage$Callable
Event: 31.242 Loading class com/intellij/rt/debugger/agent/CaptureStorage$Callable done
Event: 31.242 Loading class com/intellij/rt/debugger/agent/CaptureStorage$9 done
Event: 31.243 Loading class java/util/LinkedList
Event: 31.243 Loading class java/util/AbstractSequentialList
Event: 31.243 Loading class java/util/AbstractSequentialList done
Event: 31.244 Loading class java/util/LinkedList done

Classes unloaded (0 events):
No events

Classes redefined (1 events):
Event: 0.213 Thread 0x00000200298b3580 redefined class name=java.lang.Throwable, count=1

Internal exceptions (2 events):
Event: 0.168 Thread 0x000002000bf7e670 Exception <a 'java/lang/NoSuchMethodError'{0x000000008b937778}: 'void java.lang.invoke.DirectMethodHandle$Holder.invokeStatic(java.lang.Object, java.lang.Object, java.lang.Object)'> (0x000000008b937778) 
thrown [s\open\src\hotspot\share\interpreter\linkResolver.cpp, line 805]
Event: 0.178 Thread 0x000002000bf7e670 Exception <a 'java/lang/NoSuchMethodError'{0x000000008b96c338}: 'java.lang.Object java.lang.invoke.Invokers$Holder.invokeExact_MT(java.lang.Object, java.lang.Object, java.lang.Object, java.lang.Object, java.lang.Object)'> (0x000000008b96c338) 
thrown [s\open\src\hotspot\share\interpreter\linkResolver.cpp, line 805]

VM Operations (20 events):
Event: 0.340 Executing VM operation: ChangeBreakpoints
Event: 0.340 Executing VM operation: ChangeBreakpoints done
Event: 0.341 Executing VM operation: ChangeBreakpoints
Event: 0.341 Executing VM operation: ChangeBreakpoints done
Event: 0.341 Executing VM operation: ChangeBreakpoints
Event: 0.342 Executing VM operation: ChangeBreakpoints done
Event: 0.366 Executing VM operation: get/set locals
Event: 0.366 Executing VM operation: get/set locals done
Event: 0.416 Executing VM operation: get/set locals
Event: 0.416 Executing VM operation: get/set locals done
Event: 26.121 Executing VM operation: ChangeBreakpoints
Event: 26.121 Executing VM operation: ChangeBreakpoints done
Event: 27.520 Executing VM operation: ChangeBreakpoints
Event: 27.520 Executing VM operation: ChangeBreakpoints done
Event: 31.251 Executing VM operation: ChangeBreakpoints
Event: 31.251 Executing VM operation: ChangeBreakpoints done
Event: 31.263 Executing VM operation: ChangeBreakpoints
Event: 31.263 Executing VM operation: ChangeBreakpoints done
Event: 31.311 Executing VM operation: get/set locals
Event: 31.312 Executing VM operation: get/set locals done

Memory protections (0 events):
No events

Nmethod flushes (0 events):
No events

Events (15 events):
Event: 0.026 Thread 0x000002000bf7e670 Thread added: 0x000002000bf7e670
Event: 0.037 Thread 0x000002000bf7e670 Thread added: 0x00000200298c56c0
Event: 0.037 Thread 0x000002000bf7e670 Thread added: 0x00000200298c6f70
Event: 0.037 Thread 0x000002000bf7e670 Thread added: 0x00000200298cbab0
Event: 0.038 Thread 0x000002000bf7e670 Thread added: 0x00000200298cc6d0
Event: 0.038 Thread 0x000002000bf7e670 Thread added: 0x00000200298d95e0
Event: 0.038 Thread 0x000002000bf7e670 Thread added: 0x00000200298dffa0
Event: 0.038 Thread 0x000002000bf7e670 Thread added: 0x00000200298ee2d0
Event: 0.038 Thread 0x000002000bf7e670 Thread added: 0x0000020029913af0
Event: 0.090 Thread 0x000002000bf7e670 Thread added: 0x0000020029ac0110
Event: 0.090 Thread 0x000002000bf7e670 Thread added: 0x0000020029ac0860
Event: 0.091 Thread 0x0000020029ac0110 Thread added: 0x0000020029ac0fb0
Event: 0.180 Thread 0x000002000bf7e670 Thread added: 0x00000200298df100
Event: 0.219 Thread 0x000002000bf7e670 Thread added: 0x00000200298de260
Event: 0.226 Thread 0x000002000bf7e670 Thread added: 0x00000200298df850


Dynamic libraries:
0x00007ff735cf0000 - 0x00007ff735d00000 	C:\Program Files\Java\jdk-24\bin\java.exe
0x00007ffd6b830000 - 0x00007ffd6ba28000 	C:\Windows\SYSTEM32\ntdll.dll
0x00007ffd6a150000 - 0x00007ffd6a212000 	C:\Windows\System32\KERNEL32.DLL
0x00007ffd68ec0000 - 0x00007ffd691b6000 	C:\Windows\System32\KERNELBASE.dll
0x00007ffd69750000 - 0x00007ffd69850000 	C:\Windows\System32\ucrtbase.dll
0x00007ffd52450000 - 0x00007ffd5246b000 	C:\Program Files\Java\jdk-24\bin\VCRUNTIME140.dll
0x00007ffd52470000 - 0x00007ffd52486000 	C:\Program Files\Java\jdk-24\bin\jli.dll
0x00007ffd69b40000 - 0x00007ffd69cdd000 	C:\Windows\System32\USER32.dll
0x00007ffd617c0000 - 0x00007ffd61a5a000 	C:\Windows\WinSxS\amd64_microsoft.windows.common-controls_6595b64144ccf1df_6.0.19041.5915_none_60b4b9d171f9c7c7\COMCTL32.dll
0x00007ffd69400000 - 0x00007ffd69422000 	C:\Windows\System32\win32u.dll
0x00007ffd698f0000 - 0x00007ffd6998e000 	C:\Windows\System32\msvcrt.dll
0x00007ffd6b6c0000 - 0x00007ffd6b6eb000 	C:\Windows\System32\GDI32.dll
0x00007ffd695e0000 - 0x00007ffd696f9000 	C:\Windows\System32\gdi32full.dll
0x00007ffd69430000 - 0x00007ffd694cd000 	C:\Windows\System32\msvcp_win.dll
0x00007ffd69850000 - 0x00007ffd6987f000 	C:\Windows\System32\IMM32.DLL
0x00007ffd66150000 - 0x00007ffd6615c000 	C:\Program Files\Java\jdk-24\bin\vcruntime140_1.dll
0x00007ffd4ab50000 - 0x00007ffd4abde000 	C:\Program Files\Java\jdk-24\bin\msvcp140.dll
0x00007ffcfb030000 - 0x00007ffcfbdd1000 	C:\Program Files\Java\jdk-24\bin\server\jvm.dll
0x00007ffd6ad40000 - 0x00007ffd6adf1000 	C:\Windows\System32\ADVAPI32.dll
0x00007ffd6aa60000 - 0x00007ffd6aaff000 	C:\Windows\System32\sechost.dll
0x00007ffd6ac10000 - 0x00007ffd6ad33000 	C:\Windows\System32\RPCRT4.dll
0x00007ffd691c0000 - 0x00007ffd691e7000 	C:\Windows\System32\bcrypt.dll
0x00007ffd6b650000 - 0x00007ffd6b6bb000 	C:\Windows\System32\WS2_32.dll
0x00007ffd55a20000 - 0x00007ffd55a47000 	C:\Windows\SYSTEM32\WINMM.dll
0x00007ffd68d20000 - 0x00007ffd68d6b000 	C:\Windows\SYSTEM32\POWRPROF.dll
0x00007ffd63bd0000 - 0x00007ffd63bda000 	C:\Windows\SYSTEM32\VERSION.dll
0x00007ffd68d00000 - 0x00007ffd68d12000 	C:\Windows\SYSTEM32\UMPDC.dll
0x00007ffd676a0000 - 0x00007ffd676b2000 	C:\Windows\SYSTEM32\kernel.appcore.dll
0x00007ffd57f30000 - 0x00007ffd57f3a000 	C:\Program Files\Java\jdk-24\bin\jimage.dll
0x00007ffd66a50000 - 0x00007ffd66c51000 	C:\Windows\SYSTEM32\DBGHELP.DLL
0x00007ffd55520000 - 0x00007ffd55554000 	C:\Windows\SYSTEM32\dbgcore.DLL
0x00007ffd694d0000 - 0x00007ffd69552000 	C:\Windows\System32\bcryptPrimitives.dll
0x00007ffd52500000 - 0x00007ffd5253c000 	C:\Program Files\Java\jdk-24\bin\jdwp.dll
0x00007ffd52b20000 - 0x00007ffd52b2f000 	C:\Program Files\Java\jdk-24\bin\instrument.dll
0x00007ffd52430000 - 0x00007ffd5244e000 	C:\Program Files\Java\jdk-24\bin\java.dll
0x00007ffd69d40000 - 0x00007ffd69e6b000 	C:\Windows\System32\ole32.dll
0x00007ffd6a220000 - 0x00007ffd6a573000 	C:\Windows\System32\combase.dll
0x00007ffd6ae00000 - 0x00007ffd6b56e000 	C:\Windows\System32\SHELL32.dll
0x00007ffd49d00000 - 0x00007ffd49ef8000 	C:\Users\Админ\AppData\Local\Temp\idea_libasyncProfiler_dll_temp_folder6\libasyncProfiler.dll
0x00007ffd57ee0000 - 0x00007ffd57ef7000 	C:\Program Files\Java\jdk-24\bin\zip.dll
0x00007ffd66ee0000 - 0x00007ffd67684000 	C:\Windows\SYSTEM32\windows.storage.dll
0x00007ffd68740000 - 0x00007ffd6876b000 	C:\Windows\SYSTEM32\Wldp.dll
0x00007ffd6b710000 - 0x00007ffd6b7dd000 	C:\Windows\System32\OLEAUT32.dll
0x00007ffd6ab60000 - 0x00007ffd6ac0d000 	C:\Windows\System32\SHCORE.dll
0x00007ffd69890000 - 0x00007ffd698eb000 	C:\Windows\System32\shlwapi.dll
0x00007ffd68df0000 - 0x00007ffd68e14000 	C:\Windows\SYSTEM32\profapi.dll
0x00007ffd4a6e0000 - 0x00007ffd4a7b7000 	C:\Program Files\Java\jdk-24\bin\jsvml.dll
0x00007ffd524f0000 - 0x00007ffd524fc000 	C:\Program Files\Java\jdk-24\bin\dt_socket.dll
0x00007ffd68220000 - 0x00007ffd6825b000 	C:\Windows\SYSTEM32\IPHLPAPI.DLL
0x00007ffd68520000 - 0x00007ffd6858a000 	C:\Windows\system32\mswsock.dll
0x00007ffd64580000 - 0x00007ffd64590000 	C:\Program Files\Java\jdk-24\bin\net.dll
0x00007ffd57f50000 - 0x00007ffd57f66000 	C:\Program Files\Java\jdk-24\bin\nio.dll

JVMTI agents:
jdwp path:C:\Program Files\Java\jdk-24\bin\jdwp.dll, loaded, initialized, options:transport=dt_socket,address=127.0.0.1:55309,suspend=y,server=n
C:\Users\Админ\AppData\Local\JetBrains\IntelliJIdea2025.1\captureAgent\debugger-agent.jar path:C:\Program Files\Java\jdk-24\bin\instrument.dll, loaded, initialized, instrumentlib options:file:///C:/Users/7272~1/AppData/Local/Temp/capture8513015923883962190.props
C:\Users\Админ\AppData\Local\Temp\idea_libasyncProfiler_dll_temp_folder6\libasyncProfiler.dll path:C:\Users\Админ\AppData\Local\Temp\idea_libasyncProfiler_dll_temp_folder6\libasyncProfiler.dll, loaded, initialized, options:version,jfr,event=wall,interval=10ms,cstack=no,file=C:\Users\Админ\IdeaSnapshots\Start_2025_10_30_162008.jfr,dbghelppath=C:\Users\Админ\AppData\Local\Temp\idea_dbghelp_dll_temp_folder10\dbghelp.dll,log=C:\Users\Админ\AppData\Local\Temp\Start_2025_10_30_162008.jfr.log.txt,logLevel=DEBUG

dbghelp: loaded successfully - version: 4.0.5 - missing functions: none
symbol engine: initialized successfully - sym options: 0x614 - pdb path: .;C:\Program Files\Java\jdk-24\bin;C:\Windows\SYSTEM32;C:\Windows\WinSxS\amd64_microsoft.windows.common-controls_6595b64144ccf1df_6.0.19041.5915_none_60b4b9d171f9c7c7;C:\Program Files\Java\jdk-24\bin\server;C:\Users\Админ\AppData\Local\Temp\idea_libasyncProfiler_dll_temp_fo;C:\Users\Админ\AppData\Local\Temp\idea_libasyncProfiler_dll_te;C:\Users\Админ\AppData\Local\Temp\idea_libasyncProfiler_d;C:\Users\Админ\AppData\Local\Temp\idea_libasyncProfi;C:\Users\Админ\AppData\Local\Temp\idea_libasync;C:\Users\Админ\AppData\Local\Temp\idea_lib

VM Arguments:
jvm_args: -agentlib:jdwp=transport=dt_socket,address=127.0.0.1:55309,suspend=y,server=n -javaagent:C:\Users\Админ\AppData\Local\JetBrains\IntelliJIdea2025.1\captureAgent\debugger-agent.jar=file:///C:/Users/7272~1/AppData/Local/Temp/capture8513015923883962190.props -agentpath:C:\Users\Админ\AppData\Local\Temp\idea_libasyncProfiler_dll_temp_folder6\libasyncProfiler.dll=version,jfr,event=wall,interval=10ms,cstack=no,file=C:\Users\Админ\IdeaSnapshots\Start_2025_10_30_162008.jfr,dbghelppath=C:\Users\Админ\AppData\Local\Temp\idea_dbghelp_dll_temp_folder10\dbghelp.dll,log=C:\Users\Админ\AppData\Local\Temp\Start_2025_10_30_162008.jfr.log.txt,logLevel=DEBUG -Dkotlinx.coroutines.debug.enable.creation.stack.trace=false -Ddebugger.agent.enable.coroutines=true -Dkotlinx.coroutines.debug.enable.flows.stack.trace=true -Dkotlinx.coroutines.debug.enable.mutable.state.flows.stack.trace=true -Dfile.encoding=UTF-8 -Dsun.stdout.encoding=UTF-8 -Dsun.stderr.encoding=UTF-8 
java_command: Main
java_class_path (initial): C:\Users\Админ\Documents\program\all-my-projects\TaskTracker\out\production\TaskTracker;C:\Users\Админ\Documents\program\all-my-projects\TaskTracker\lib\junit-jupiter-5.8.1.jar;C:\Users\Админ\Documents\program\all-my-projects\TaskTracker\lib\junit-jupiter-api-5.8.1.jar;C:\Users\Админ\Documents\program\all-my-projects\TaskTracker\lib\opentest4j-1.2.0.jar;C:\Users\Админ\Documents\program\all-my-projects\TaskTracker\lib\junit-platform-commons-1.8.1.jar;C:\Users\Админ\Documents\program\all-my-projects\TaskTracker\lib\apiguardian-api-1.1.2.jar;C:\Users\Админ\Documents\program\all-my-projects\TaskTracker\lib\junit-jupiter-params-5.8.1.jar;C:\Users\Админ\Documents\program\all-my-projects\TaskTracker\lib\junit-jupiter-engine-5.8.1.jar;C:\Users\Админ\Documents\program\all-my-projects\TaskTracker\lib\junit-platform-engine-1.8.1.jar;C:\Program Files\JetBrains\IntelliJ IDEA 2025.1.1.1\lib\idea_rt.jar
Launcher Type: SUN_STANDARD

[Global flags]
     intx CICompilerCount                          = 4                                         {product} {ergonomic}
     uint ConcGCThreads                            = 2                                         {product} {ergonomic}
     uint G1ConcRefinementThreads                  = 8                                         {product} {ergonomic}
   size_t G1HeapRegionSize                         = 1048576                                   {product} {ergonomic}
   size_t InitialHeapSize                          = 130023424                                 {product} {ergonomic}
   size_t MarkStackSize                            = 4194304                                   {product} {ergonomic}
   size_t MarkStackSizeMax                         = 536870912                                 {product} {ergonomic}
   size_t MaxHeapSize                              = 2080374784                                {product} {ergonomic}
   size_t MaxNewSize                               = 1247805440                                {product} {ergonomic}
   size_t MinHeapDeltaBytes                        = 1048576                                   {product} {ergonomic}
   size_t MinHeapSize                              = 8388608                                   {product} {ergonomic}
    uintx NonNMethodCodeHeapSize                   = 5832704                                {pd product} {ergonomic}
    uintx NonProfiledCodeHeapSize                  = 122945536                              {pd product} {ergonomic}
    uintx ProfiledCodeHeapSize                     = 122880000                              {pd product} {ergonomic}
    uintx ReservedCodeCacheSize                    = 251658240                              {pd product} {ergonomic}
     bool SegmentedCodeCache                       = true                                      {product} {ergonomic}
   size_t SoftMaxHeapSize                          = 2080374784                             {manageable} {ergonomic}
     bool UseCompressedOops                        = true                           {product lp64_product} {ergonomic}
     bool UseG1GC                                  = true                                      {product} {ergonomic}
     bool UseLargePagesIndividualAllocation        = false                                  {pd product} {ergonomic}

Logging:
Log output configuration:
 #0: stdout all=warning uptime,level,tags foldmultilines=false
 #1: stderr all=off uptime,level,tags foldmultilines=false

Environment Variables:
PATH=C:\Program Files\ImageMagick-7.1.2-Q16-HDRI;C:\Program Files\Common Files\Oracle\Java\javapath;C:\Program Files (x86)\Common Files\Oracle\Java\java8path;C:\Program Files (x86)\Common Files\Oracle\Java\javapath;C:\msys64\mingw64\bin;C:\Windows\system32;C:\Windows;C:\Windows\System32\Wbem;C:\Windows\System32\WindowsPowerShell\v1.0\;C:\Windows\System32\OpenSSH\;C:\Users\Админ\Downloads\gvim_9.1.0_x64_signed\vim\vim91;C:\Program Files\Git\cmd;C:\Program Files\Git\mingw64\bin;C:\ProgramData\chocolatey\bin;C:\Program Files\MongoDB\mongosh-2.3.1-win32-x64\bin;C:\Program Files\Vim\vim91;C:\Program Files\nodejs\;C:\Program Files\OpenSSL-Win64\bin;C:\Program Files\Neovim\bin;C:\Program Files\PostgreSQL\17\bin;C:\Program Files\Java\jdk-24\bin;C:\Program Files\ImageMagick-7.1.2-Q16-HDRI;C:\Program Files\Common Files\Oracle\Java\javapath;C:\Program Files (x86)\Common Files\Oracle\Java\java8path;C:\Program Files (x86)\Common Files\Oracle\Java\javapath;C:\msys64\mingw64\bin;C:\Windows\system32;C:\Windows;C:\Windows\System32\Wbem;C:\Windows\System32\WindowsPowerShell\v1.0\;C:\Windows\System32\OpenSSH\;C:\Users\Админ\Downloads\gvim_9.1.0_x64_signed\vim\vim91;C:\Program Files\Git\cmd;C:\Program Files\Git\mingw64\bin;C:\ProgramData\chocolatey\bin;C:\Program Files\MongoDB\mongosh-2.3.1-win32-x64\bin;C:\Program Files\Vim\vim91;C:\Program Files\nodejs\;C:\Program Files\OpenSSL-Win64\bin;C:\Program Files\Neovim\bin;C:\Program Files\PostgreSQL\17\bin;C:\Program Files\Java\jdk-24\bin;C:\Users\Админ\AppData\Local\Programs\Python\Python313\Scripts\;C:\Users\Админ\AppData\Local\Programs\Python\Python313\;C:\Users\Админ\AppData\Local\Programs\Python\Python311\Scripts\;C:\Users\Админ\AppData\Local\Programs\Python\Python311\;C:\Program Files\dotnet\;C:\Python34\Scripts;C:\libraries\SFML-2.6.1\bin;C:\msys64\ucrt64\bin;C:\Users\Админ\AppData\Local\Programs\Microsoft VS Code\bin;C:\Users\Админ\AppData\Local\Programs\mongosh\;C:\Program Files\mongosh\;C:\Users\Админ\AppData\Local\Programs\cursor\resources\app\bin;C:\Users\Админ\AppData\Roaming\npm;C:\Users\Админ\AppData\Local\Pandoc\;C:\Users\Админ\Tools\Maven\apache-maven-3.9.11\bin
USERNAME=MarysSnik
OS=Windows_NT
PROCESSOR_IDENTIFIER=Intel64 Family 6 Model 126 Stepping 5, GenuineIntel
TMP=C:\Users\7272~1\AppData\Local\Temp
TEMP=C:\Users\7272~1\AppData\Local\Temp




Periodic native trim disabled

---------------  S Y S T E M  ---------------

OS:
 Windows 10 , 64 bit Build 19041 (10.0.19041.5915)
OS uptime: 0 days 5:52 hours
Hyper-V role detected

CPU: total 8 (initial active 8) (4 cores per cpu, 2 threads per core) family 6 model 126 stepping 5 microcode 0x6a, cx8, cmov, fxsr, ht, mmx, 3dnowpref, sse, sse2, sse3, ssse3, sse4.1, sse4.2, popcnt, lzcnt, tsc, tscinvbit, avx, avx2, aes, erms, clmul, bmi1, bmi2, adx, avx512f, avx512dq, avx512cd, avx512bw, avx512vl, sha, fma, vzeroupper, avx512_vpopcntdq, avx512_vpclmulqdq, avx512_vaes, avx512_vnni, clflush, clflushopt, avx512_vbmi2, avx512_vbmi, hv, rdtscp, rdpid, fsrm, gfni, avx512_bitalg, f16c, avx512_ifma
Processor Information for the first 8 processors :
  Max Mhz: 1190, Current Mhz: 991, Mhz Limit: 987

Memory: 4k page, system-wide physical 7934M (735M free)
TotalPageFile size 14590M (AvailPageFile size 4820M)
current process WorkingSet (physical memory assigned to process): 52M, peak: 52M
current process commit charge ("private bytes"): 228M, peak: 228M

vm_info: Java HotSpot(TM) 64-Bit Server VM (24.0.2+12-54) for windows-amd64 JRE (24.0.2+12-54), built on 2025-07-08T12:10:27Z with MS VC++ 17.6 (VS2022)

END.
